#
# A fatal error has been detected by the Java Runtime Environment:
#
#  Internal Error (javaClasses.cpp:129), pid=2076, tid=4016
#  fatal error: Invalid layout of preloaded class
#
# JRE version: 7.0_09-b05
# Java VM: Java HotSpot(TM) 64-Bit Server VM (23.5-b02 mixed mode windows-amd64 compressed oops)
# Failed to write core dump. Minidumps are not enabled by default on client versions of Windows
#
# If you would like to submit a bug report, please visit:
#   http://bugreport.sun.com/bugreport/crash.jsp
#

---------------  T H R E A D  ---------------

Current thread (0x0000000000c2d800):  JavaThread "Unknown thread" [_thread_in_vm, id=4016, stack(0x0000000002440000,0x0000000002540000)]

Stack: [0x0000000002440000,0x0000000002540000]

---------------  P R O C E S S  ---------------

Java Threads: ( => current thread )

Other Threads:

=>0x0000000000c2d800 (exited) JavaThread "Unknown thread" [_thread_in_vm, id=4016, stack(0x0000000002440000,0x0000000002540000)]

VM state:not at safepoint (not fully initialized)

VM Mutex/Monitor currently owned by a thread: None

GC Heap History (0 events):
No events

Deoptimization events (0 events):
No events

Internal exceptions (0 events):
No events

Events (10 events):
Event: 0.018 loading class 0x0000000002591e10 done
Event: 0.018 loading class 0x00000000025556e0 done
Event: 0.018 loading class 0x00000000025559e0
Event: 0.018 loading class 0x0000000008d0e8f0
Event: 0.018 loading class 0x0000000008d0e8f0 done
Event: 0.018 loading class 0x0000000008d0f0f0
Event: 0.018 loading class 0x0000000008d0f0f0 done
Event: 0.018 loading class 0x00000000025e7c50
Event: 0.018 loading class 0x00000000025e7c50 done
Event: 0.019 loading class 0x00000000025559e0 done


Dynamic libraries:
0x00007ff7bdc10000 - 0x00007ff7bdc44000 	C:\Program Files\Java\jre7\bin\javaw.exe
0x00007ffd75cf0000 - 0x00007ffd75e99000 	C:\Windows\SYSTEM32\ntdll.dll
0x00007ffd754d0000 - 0x00007ffd75609000 	C:\Windows\system32\KERNEL32.DLL
0x00007ffd73370000 - 0x00007ffd7347e000 	C:\Windows\system32\KERNELBASE.dll
0x00007ffd71c80000 - 0x00007ffd71d0b000 	C:\Windows\system32\apphelp.dll
0x00007ffd686b0000 - 0x00007ffd686ff000 	C:\Windows\AppPatch\AppPatch64\AcGenral.DLL
0x00007ffd753b0000 - 0x00007ffd75457000 	C:\Windows\system32\msvcrt.dll
0x00007ffd72e50000 - 0x00007ffd72e7b000 	C:\Windows\SYSTEM32\SspiCli.dll
0x00007ffd74a60000 - 0x00007ffd74ab1000 	C:\Windows\system32\SHLWAPI.dll
0x00007ffd74e50000 - 0x00007ffd74fc1000 	C:\Windows\system32\USER32.dll
0x00007ffd74ff0000 - 0x00007ffd75166000 	C:\Windows\system32\ole32.dll
0x00007ffd73650000 - 0x00007ffd74a5f000 	C:\Windows\system32\SHELL32.dll
0x00007ffd72680000 - 0x00007ffd7269f000 	C:\Windows\SYSTEM32\USERENV.dll
0x00007ffd758a0000 - 0x00007ffd75945000 	C:\Windows\system32\ADVAPI32.dll
0x00007ffd688e0000 - 0x00007ffd688fb000 	C:\Windows\SYSTEM32\MPR.dll
0x00007ffd75950000 - 0x00007ffd75a86000 	C:\Windows\system32\RPCRT4.dll
0x00007ffd75c90000 - 0x00007ffd75ce7000 	C:\Windows\SYSTEM32\sechost.dll
0x00007ffd751d0000 - 0x00007ffd753a7000 	C:\Windows\SYSTEM32\combase.dll
0x00007ffd74ca0000 - 0x00007ffd74de5000 	C:\Windows\system32\GDI32.dll
0x00007ffd73070000 - 0x00007ffd73084000 	C:\Windows\SYSTEM32\profapi.dll
0x00007ffd71500000 - 0x00007ffd715a1000 	C:\Windows\SYSTEM32\SHCORE.dll
0x00007ffd75c50000 - 0x00007ffd75c84000 	C:\Windows\system32\IMM32.DLL
0x00007ffd74b60000 - 0x00007ffd74c98000 	C:\Windows\system32\MSCTF.dll
0x00007ffd710c0000 - 0x00007ffd7131a000 	C:\Windows\WinSxS\amd64_microsoft.windows.common-controls_6595b64144ccf1df_6.0.9600.16384_none_62475f7becb72503\COMCTL32.dll
0x0000000076c20000 - 0x0000000076cf1000 	C:\Program Files\Java\jre7\bin\msvcr100.dll
0x0000000076500000 - 0x0000000076c1f000 	C:\Program Files\Java\jre7\bin\server\jvm.dll
0x00007ffd6a680000 - 0x00007ffd6a689000 	C:\Windows\SYSTEM32\WSOCK32.dll
0x00007ffd68820000 - 0x00007ffd6883f000 	C:\Windows\SYSTEM32\WINMM.dll
0x00007ffd75c40000 - 0x00007ffd75c47000 	C:\Windows\system32\PSAPI.DLL
0x00007ffd75470000 - 0x00007ffd754c8000 	C:\Windows\system32\WS2_32.dll
0x00007ffd687e0000 - 0x00007ffd6880a000 	C:\Windows\SYSTEM32\WINMMBASE.dll
0x00007ffd73640000 - 0x00007ffd73649000 	C:\Windows\system32\NSI.dll
0x00007ffd73140000 - 0x00007ffd7318a000 	C:\Windows\SYSTEM32\cfgmgr32.dll
0x00007ffd71f00000 - 0x00007ffd71f26000 	C:\Windows\SYSTEM32\DEVOBJ.dll
0x00000000764f0000 - 0x00000000764ff000 	C:\Program Files\Java\jre7\bin\verify.dll
0x00000000764c0000 - 0x00000000764e8000 	C:\Program Files\Java\jre7\bin\java.dll
0x00000000764a0000 - 0x00000000764b5000 	C:\Program Files\Java\jre7\bin\zip.dll

VM Arguments:
jvm_args: -Dfile.encoding=Cp1252 -Xbootclasspath:B:\portable\adt-bundle-windows-x86_64-20131030\sdk\platforms\android-19\android.jar 
java_command: com.example.dtmfgenerator.mServer
Launcher Type: SUN_STANDARD

Environment Variables:
JAVA_HOME=C:\Program Files\Java\jdk1.7.0_09
PATH=C:\Windows\system32;C:\Windows;C:\Windows\System32\Wbem;C:\Windows\System32\WindowsPowerShell\v1.0\;C:\Program Files (x86)\Git\cmd;C:\MinGW\bin;B:\bin;B:\portable\adt-bundle-windows-x86_64-20131030\sdk\platform-tools;B:\bin\apache-ant-1.9.2\bin;C:\Program Files\Java\jdk1.7.0_09\bin;B:\portable\adt-bundle-windows-x86_64-20131030\sdk\tools;C:\xampp\php;C:\Python27;C:\Program Files\doxygen\bin
USERNAME=BKC
OS=Windows_NT
PROCESSOR_IDENTIFIER=Intel64 Family 6 Model 58 Stepping 9, GenuineIntel



---------------  S Y S T E M  ---------------

OS: Windows 8 , 64 bit Build 9200 

CPU:total 8 (4 cores per cpu, 2 threads per core) family 6 model 58 stepping 9, cmov, cx8, fxsr, mmx, sse, sse2, sse3, ssse3, sse4.1, sse4.2, popcnt, avx, ht, tsc, tscinvbit, tscinv

Memory: 4k page, physical 4163948k(2059380k free), swap 8358252k(5755216k free)

vm_info: Java HotSpot(TM) 64-Bit Server VM (23.5-b02) for windows-amd64 JRE (1.7.0_09-b05), built on Sep 24 2012 21:45:04 by "java_re" with unknown MS VC++:1600

time: Tue Jan 21 00:38:14 2014
elapsed time: 0 seconds

